[06:57:18] [ServerMain/INFO]: Environment: Environment[sessionHost=https://sessionserver.mojang.com, servicesHost=https://api.minecraftservices.com, name=PROD]
[06:57:20] [ServerMain/INFO]: No existing world data, creating new world
[06:57:22] [ServerMain/INFO]: Loaded 1337 recipes
[06:57:22] [ServerMain/INFO]: Loaded 1448 advancements
[06:57:22] [Server thread/INFO]: Starting minecraft server version 1.21.3
[06:57:22] [Server thread/INFO]: Loading properties
[06:57:22] [Server thread/INFO]: Default game type: SURVIVAL
[06:57:22] [Server thread/INFO]: Generating keypair
[06:57:22] [Server thread/INFO]: Starting Minecraft server on *:25565
[06:57:23] [Server thread/INFO]: Using epoll channel type
[06:57:23] [Server thread/WARN]: **** SERVER IS RUNNING IN OFFLINE/INSECURE MODE!
[06:57:23] [Server thread/WARN]: The server will make no attempt to authenticate usernames. Beware.
[06:57:23] [Server thread/WARN]: While this makes the game possible to play without internet access, it also opens up the ability for hackers to connect with any username they choose.
[06:57:23] [Server thread/WARN]: To change this, set "online-mode" to "true" in the server.properties file.
[06:57:23] [Server thread/INFO]: Preparing level "world"
[06:57:37] [Server thread/INFO]: Preparing start region for dimension minecraft:overworld
[06:57:37] [Worker-Main-1/INFO]: Preparing spawn area: 2%
[06:57:37] [Worker-Main-1/INFO]: Preparing spawn area: 2%
[06:57:39] [Worker-Main-1/INFO]: Preparing spawn area: 2%
[06:57:39] [Worker-Main-1/INFO]: Preparing spawn area: 2%
[06:57:39] [Worker-Main-1/INFO]: Preparing spawn area: 2%
[06:57:39] [Worker-Main-1/INFO]: Preparing spawn area: 2%
[06:57:41] [Worker-Main-1/INFO]: Preparing spawn area: 4%
[06:57:41] [Worker-Main-1/INFO]: Preparing spawn area: 4%
[06:57:41] [Worker-Main-1/INFO]: Preparing spawn area: 4%
[06:57:41] [Worker-Main-1/INFO]: Preparing spawn area: 4%
[06:57:42] [Worker-Main-1/INFO]: Preparing spawn area: 4%
[06:57:42] [Worker-Main-1/INFO]: Preparing spawn area: 4%
[06:57:43] [Worker-Main-1/INFO]: Preparing spawn area: 4%
[06:57:44] [Worker-Main-1/INFO]: Preparing spawn area: 4%
[06:57:44] [Worker-Main-1/INFO]: Preparing spawn area: 4%
[06:57:45] [Worker-Main-1/INFO]: Preparing spawn area: 4%
[06:57:45] [Worker-Main-1/INFO]: Preparing spawn area: 4%
[06:57:45] [Worker-Main-1/INFO]: Preparing spawn area: 4%
[06:57:46] [Worker-Main-1/INFO]: Preparing spawn area: 4%
[06:57:46] [Worker-Main-1/INFO]: Preparing spawn area: 4%
[06:57:47] [Server thread/INFO]: Time elapsed: 10015 ms
[06:57:47] [Server thread/INFO]: Done (24.390s)! For help, type "help"
[06:58:47] [Server thread/INFO]: Server empty for 60 seconds, pausing
[07:01:12] [Server thread/INFO]: RobertoRod[/[0:0:0:0:0:0:0:1%0]:55852] logged in with entity id 11 at (-6.5, 65.0, 3.5)
[07:01:12] [Server thread/INFO]: RobertoRod joined the game
[07:03:02] [Server thread/INFO]: Pablimentor[/[0:0:0:0:0:0:0:1%0]:43008] logged in with entity id 625 at (4.5, 58.0, -4.5)
[07:03:02] [Server thread/INFO]: Pablimentor joined the game
[07:04:44] [Server thread/INFO]: Pablimentor has made the advancement [Stone Age]
[07:06:04] [Server thread/INFO]: Pablimentor has made the advancement [Monster Hunter]
[07:07:11] [Server thread/INFO]: Pablimentor has made the advancement [Getting an Upgrade]
[07:07:17] [Server thread/INFO]: RobertoRod has made the advancement [Stone Age]
[07:07:35] [Server thread/INFO]: RobertoRod has made the advancement [Getting an Upgrade]
[07:11:44] [Server thread/INFO]: Pablimentor has made the advancement [Acquire Hardware]
[07:12:24] [Server thread/INFO]: Pablimentor has made the advancement [Isn't It Iron Pick]
[07:16:13] [Server thread/INFO]: Pablimentor has made the advancement [Hot Stuff]
[07:17:12] [Server thread/INFO]: Pablimentor has made the advancement [Not Today, Thank You]
[07:17:52] [Server thread/INFO]: RobertoRod was slain by Zombie
[07:18:13] [Server thread/INFO]: Made RobertoRod a server operator
[07:19:00] [Server thread/INFO]: [RobertoRod: Teleported Pablimentor to RobertoRod]
[07:21:44] [Server thread/INFO]: [RobertoRod: Teleported RobertoRod to Pablimentor]
[07:26:29] [Server thread/INFO]: RobertoRod was shot by Skeleton
[07:26:34] [Server thread/INFO]: [RobertoRod: Teleported RobertoRod to Pablimentor]
[07:34:43] [Server thread/INFO]: RobertoRod has made the advancement [Monster Hunter]
[07:36:59] [Server thread/WARN]: Mismatch in destroy block pos: jh{x=26, y=27, z=0} jh{x=16, y=22, z=5}
[07:37:31] [Server thread/INFO]: RobertoRod has made the advancement [Acquire Hardware]
[07:39:48] [Server thread/INFO]: Made Pablimentor a server operator
[07:47:16] [Server thread/INFO]: RobertoRod has made the advancement [Isn't It Iron Pick]
[07:47:33] [Server thread/INFO]: Pablimentor has made the advancement [Suit Up]
[07:47:44] [Server thread/INFO]: RobertoRod has made the advancement [Suit Up]
[07:55:54] [Server thread/INFO]: RobertoRod has made the advancement [Not Today, Thank You]
[07:58:03] [Server thread/INFO]: Pablimentor has made the advancement [A Seedy Place]
[08:02:47] [Server thread/INFO]: RobertoRod has made the advancement [A Seedy Place]
[08:14:24] [Server thread/INFO]: RobertoRod was slain by Zombie
[08:14:28] [Server thread/INFO]: [RobertoRod: Teleported RobertoRod to Pablimentor]
[08:21:19] [Server thread/INFO]: Pablimentor has made the advancement [Diamonds!]
[08:44:08] [Server thread/INFO]: RobertoRod has made the advancement [Diamonds!]
[08:48:53] [Server thread/INFO]: RobertoRod has made the advancement [Minecraft: Trial(s) Edition]
[08:50:24] [Server thread/INFO]: [Not Secure] <RobertoRod> -234.700 -26 59.300
[08:52:54] [Server thread/INFO]: Pablimentor has made the advancement [The Parrots and the Bats]
[08:57:18] [Server thread/INFO]: [Not Secure] <Pablimentor> x=108 y=14 z=55
[08:57:50] [Server thread/INFO]: [Not Secure] <Pablimentor> x=-108 Y=14 Z=-55
[08:57:54] [Server thread/INFO]: Pablimentor has made the advancement [Sweet Dreams]
[09:04:20] [Server thread/WARN]: Mismatch in destroy block pos: jh{x=-165, y=67, z=-76} jh{x=-164, y=65, z=-76}
[09:04:21] [Server thread/WARN]: Mismatch in destroy block pos: jh{x=-161, y=67, z=-76} jh{x=-160, y=65, z=-77}
[09:04:22] [Server thread/WARN]: Mismatch in destroy block pos: jh{x=-161, y=67, z=-79} jh{x=-161, y=65, z=-80}
[09:04:23] [Server thread/WARN]: Mismatch in destroy block pos: jh{x=-163, y=66, z=-82} jh{x=-163, y=65, z=-84}
[09:04:23] [Server thread/WARN]: Mismatch in destroy block pos: jh{x=-163, y=66, z=-82} jh{x=-163, y=65, z=-84}
[09:04:23] [Server thread/WARN]: Mismatch in destroy block pos: jh{x=-163, y=66, z=-82} jh{x=-163, y=65, z=-84}
[09:04:23] [Server thread/WARN]: Mismatch in destroy block pos: jh{x=-163, y=66, z=-82} jh{x=-163, y=65, z=-84}
[09:04:29] [Server thread/WARN]: Mismatch in destroy block pos: jh{x=-164, y=67, z=-73} jh{x=-165, y=65, z=-72}
[09:04:35] [Server thread/WARN]: Mismatch in destroy block pos: jh{x=-155, y=67, z=-63} jh{x=-154, y=65, z=-63}
[09:04:44] [Server thread/WARN]: Mismatch in destroy block pos: jh{x=-164, y=67, z=-84} jh{x=-165, y=65, z=-84}
[09:07:52] [Server thread/INFO]: RobertoRod fell from a high place
[09:08:45] [Server thread/INFO]: [Not Secure] <Pablimentor> x=-294 Y=-9 Z=6
[09:09:10] [Server thread/INFO]: [RobertoRod: Teleported RobertoRod to -293.500000, -9.000000, 6.500000]
[09:11:07] [Server thread/INFO]: RobertoRod lost connection: Timed out
[09:11:07] [Server thread/INFO]: RobertoRod left the game
[09:11:08] [Server thread/WARN]: handleDisconnection() called twice
[09:11:19] [Server thread/INFO]: RobertoRod[/[0:0:0:0:0:0:0:1%0]:33944] logged in with entity id 25727 at (-287.54385600869375, -10.0, 6.073293102603389)
[09:11:19] [Server thread/INFO]: RobertoRod joined the game
[09:13:09] [Server thread/INFO]: Pablimentor has made the advancement [What a Deal!]
